::1 - - [25/Apr/2017:11:17:42 +0000] "GET /login.html HTTP/1.1" 404 1927 "-" "Mozilla/5.0 (Macintosh; Intel Mac OS X 10_12_0) AppleWebKit/537.36 (KHTML, like Gecko) Chrome/57.0.2987.133 Safari/537.36"
::1 - - [25/Apr/2017:11:19:39 +0000] "GET /login.html HTTP/1.1" 404 1667 "-" "Mozilla/5.0 (Macintosh; Intel Mac OS X 10_12_0) AppleWebKit/537.36 (KHTML, like Gecko) Chrome/57.0.2987.133 Safari/537.36"
::1 - - [25/Apr/2017:11:21:31 +0000] "GET /login.html HTTP/1.1" 404 1667 "-" "Mozilla/5.0 (Macintosh; Intel Mac OS X 10_12_0) AppleWebKit/537.36 (KHTML, like Gecko) Chrome/57.0.2987.133 Safari/537.36"
::1 - - [25/Apr/2017:11:21:31 +0000] "GET /login.html HTTP/1.1" 404 1667 "-" "Mozilla/5.0 (Macintosh; Intel Mac OS X 10_12_0) AppleWebKit/537.36 (KHTML, like Gecko) Chrome/57.0.2987.133 Safari/537.36"
::1 - - [25/Apr/2017:11:21:43 +0000] "GET /login.html HTTP/1.1" 404 1667 "-" "Mozilla/5.0 (Macintosh; Intel Mac OS X 10_12_0) AppleWebKit/537.36 (KHTML, like Gecko) Chrome/57.0.2987.133 Safari/537.36"
::1 - - [25/Apr/2017:11:21:53 +0000] "GET /login.html HTTP/1.1" 404 1927 "-" "Mozilla/5.0 (Macintosh; Intel Mac OS X 10_12_0) AppleWebKit/537.36 (KHTML, like Gecko) Chrome/57.0.2987.133 Safari/537.36"
::1 - - [25/Apr/2017:11:23:46 +0000] "GET /login.html HTTP/1.1" 404 1927 "-" "Mozilla/5.0 (Macintosh; Intel Mac OS X 10_12_0) AppleWebKit/537.36 (KHTML, like Gecko) Chrome/57.0.2987.133 Safari/537.36"
::1 - - [25/Apr/2017:11:23:47 +0000] "GET /login.html HTTP/1.1" 404 1927 "-" "Mozilla/5.0 (Macintosh; Intel Mac OS X 10_12_0) AppleWebKit/537.36 (KHTML, like Gecko) Chrome/57.0.2987.133 Safari/537.36"
::1 - - [25/Apr/2017:11:23:57 +0000] "GET /users/login.html HTTP/1.1" 404 1927 "-" "Mozilla/5.0 (Macintosh; Intel Mac OS X 10_12_0) AppleWebKit/537.36 (KHTML, like Gecko) Chrome/57.0.2987.133 Safari/537.36"
::1 - - [25/Apr/2017:11:26:14 +0000] "GET /users/login.html HTTP/1.1" 404 1927 "-" "Mozilla/5.0 (Macintosh; Intel Mac OS X 10_12_0) AppleWebKit/537.36 (KHTML, like Gecko) Chrome/57.0.2987.133 Safari/537.36"
::1 - - [25/Apr/2017:11:26:15 +0000] "GET /users/login.html HTTP/1.1" 404 1927 "-" "Mozilla/5.0 (Macintosh; Intel Mac OS X 10_12_0) AppleWebKit/537.36 (KHTML, like Gecko) Chrome/57.0.2987.133 Safari/537.36"
::1 - - [25/Apr/2017:11:26:15 +0000] "GET /users/login.html HTTP/1.1" 404 1927 "-" "Mozilla/5.0 (Macintosh; Intel Mac OS X 10_12_0) AppleWebKit/537.36 (KHTML, like Gecko) Chrome/57.0.2987.133 Safari/537.36"
::1 - - [25/Apr/2017:11:26:19 +0000] "GET /login.html HTTP/1.1" 404 1927 "-" "Mozilla/5.0 (Macintosh; Intel Mac OS X 10_12_0) AppleWebKit/537.36 (KHTML, like Gecko) Chrome/57.0.2987.133 Safari/537.36"
::1 - - [25/Apr/2017:11:26:20 +0000] "GET /login.html HTTP/1.1" 404 1927 "-" "Mozilla/5.0 (Macintosh; Intel Mac OS X 10_12_0) AppleWebKit/537.36 (KHTML, like Gecko) Chrome/57.0.2987.133 Safari/537.36"
::1 - - [25/Apr/2017:11:26:52 +0000] "GET /login.html HTTP/1.1" 404 1927 "-" "Mozilla/5.0 (Macintosh; Intel Mac OS X 10_12_0) AppleWebKit/537.36 (KHTML, like Gecko) Chrome/57.0.2987.133 Safari/537.36"
::1 - - [25/Apr/2017:11:26:53 +0000] "GET /login.html HTTP/1.1" 404 1927 "-" "Mozilla/5.0 (Macintosh; Intel Mac OS X 10_12_0) AppleWebKit/537.36 (KHTML, like Gecko) Chrome/57.0.2987.133 Safari/537.36"
::1 - - [25/Apr/2017:11:26:53 +0000] "GET /login.html HTTP/1.1" 404 1927 "-" "Mozilla/5.0 (Macintosh; Intel Mac OS X 10_12_0) AppleWebKit/537.36 (KHTML, like Gecko) Chrome/57.0.2987.133 Safari/537.36"
::1 - - [25/Apr/2017:11:26:53 +0000] "GET /login.html HTTP/1.1" 404 1927 "-" "Mozilla/5.0 (Macintosh; Intel Mac OS X 10_12_0) AppleWebKit/537.36 (KHTML, like Gecko) Chrome/57.0.2987.133 Safari/537.36"
::1 - - [25/Apr/2017:11:26:54 +0000] "GET /login.html HTTP/1.1" 404 1927 "-" "Mozilla/5.0 (Macintosh; Intel Mac OS X 10_12_0) AppleWebKit/537.36 (KHTML, like Gecko) Chrome/57.0.2987.133 Safari/537.36"
::1 - - [25/Apr/2017:11:26:54 +0000] "GET /login.html HTTP/1.1" 404 1927 "-" "Mozilla/5.0 (Macintosh; Intel Mac OS X 10_12_0) AppleWebKit/537.36 (KHTML, like Gecko) Chrome/57.0.2987.133 Safari/537.36"
::1 - - [25/Apr/2017:11:34:39 +0000] "GET /login.html HTTP/1.1" 404 184 "-" "Mozilla/5.0 (Macintosh; Intel Mac OS X 10_12_0) AppleWebKit/537.36 (KHTML, like Gecko) Chrome/57.0.2987.133 Safari/537.36"
::1 - - [25/Apr/2017:11:34:39 +0000] "GET /stylesheets/style.css HTTP/1.1" 304 - "http://localhost:3000/login.html" "Mozilla/5.0 (Macintosh; Intel Mac OS X 10_12_0) AppleWebKit/537.36 (KHTML, like Gecko) Chrome/57.0.2987.133 Safari/537.36"
::1 - - [25/Apr/2017:11:35:11 +0000] "GET /login.html HTTP/1.1" 404 181 "-" "Mozilla/5.0 (Macintosh; Intel Mac OS X 10_12_0) AppleWebKit/537.36 (KHTML, like Gecko) Chrome/57.0.2987.133 Safari/537.36"
::1 - - [25/Apr/2017:11:35:11 +0000] "GET /stylesheets/style.css HTTP/1.1" 304 - "http://localhost:3000/login.html" "Mozilla/5.0 (Macintosh; Intel Mac OS X 10_12_0) AppleWebKit/537.36 (KHTML, like Gecko) Chrome/57.0.2987.133 Safari/537.36"
::1 - - [25/Apr/2017:11:35:12 +0000] "GET /login.html HTTP/1.1" 404 181 "-" "Mozilla/5.0 (Macintosh; Intel Mac OS X 10_12_0) AppleWebKit/537.36 (KHTML, like Gecko) Chrome/57.0.2987.133 Safari/537.36"
::1 - - [25/Apr/2017:11:35:12 +0000] "GET /stylesheets/style.css HTTP/1.1" 304 - "http://localhost:3000/login.html" "Mozilla/5.0 (Macintosh; Intel Mac OS X 10_12_0) AppleWebKit/537.36 (KHTML, like Gecko) Chrome/57.0.2987.133 Safari/537.36"
::1 - - [25/Apr/2017:11:35:24 +0000] "GET /login.html HTTP/1.1" 404 182 "-" "Mozilla/5.0 (Macintosh; Intel Mac OS X 10_12_0) AppleWebKit/537.36 (KHTML, like Gecko) Chrome/57.0.2987.133 Safari/537.36"
::1 - - [25/Apr/2017:11:35:24 +0000] "GET /stylesheets/style.css HTTP/1.1" 304 - "http://localhost:3000/login.html" "Mozilla/5.0 (Macintosh; Intel Mac OS X 10_12_0) AppleWebKit/537.36 (KHTML, like Gecko) Chrome/57.0.2987.133 Safari/537.36"
::1 - - [25/Apr/2017:11:35:25 +0000] "GET /login.html HTTP/1.1" 404 182 "-" "Mozilla/5.0 (Macintosh; Intel Mac OS X 10_12_0) AppleWebKit/537.36 (KHTML, like Gecko) Chrome/57.0.2987.133 Safari/537.36"
::1 - - [25/Apr/2017:11:35:25 +0000] "GET /stylesheets/style.css HTTP/1.1" 304 - "http://localhost:3000/login.html" "Mozilla/5.0 (Macintosh; Intel Mac OS X 10_12_0) AppleWebKit/537.36 (KHTML, like Gecko) Chrome/57.0.2987.133 Safari/537.36"
::1 - - [25/Apr/2017:11:36:05 +0000] "GET /login.html HTTP/1.1" 404 1710 "-" "Mozilla/5.0 (Macintosh; Intel Mac OS X 10_12_0) AppleWebKit/537.36 (KHTML, like Gecko) Chrome/57.0.2987.133 Safari/537.36"
::1 - - [25/Apr/2017:11:36:05 +0000] "GET /stylesheets/style.css HTTP/1.1" 304 - "http://localhost:3000/login.html" "Mozilla/5.0 (Macintosh; Intel Mac OS X 10_12_0) AppleWebKit/537.36 (KHTML, like Gecko) Chrome/57.0.2987.133 Safari/537.36"
::1 - - [25/Apr/2017:11:36:48 +0000] "GET /login HTTP/1.1" 500 1875 "-" "Mozilla/5.0 (Macintosh; Intel Mac OS X 10_12_0) AppleWebKit/537.36 (KHTML, like Gecko) Chrome/57.0.2987.133 Safari/537.36"
::1 - - [25/Apr/2017:11:36:48 +0000] "GET /stylesheets/style.css HTTP/1.1" 304 - "http://localhost:3000/login" "Mozilla/5.0 (Macintosh; Intel Mac OS X 10_12_0) AppleWebKit/537.36 (KHTML, like Gecko) Chrome/57.0.2987.133 Safari/537.36"
::1 - - [25/Apr/2017:11:37:44 +0000] "GET /login HTTP/1.1" 200 478 "-" "Mozilla/5.0 (Macintosh; Intel Mac OS X 10_12_0) AppleWebKit/537.36 (KHTML, like Gecko) Chrome/57.0.2987.133 Safari/537.36"
::1 - - [25/Apr/2017:11:37:44 +0000] "GET /stylesheets/style.css HTTP/1.1" 304 - "http://localhost:3000/login" "Mozilla/5.0 (Macintosh; Intel Mac OS X 10_12_0) AppleWebKit/537.36 (KHTML, like Gecko) Chrome/57.0.2987.133 Safari/537.36"
::1 - - [25/Apr/2017:11:37:47 +0000] "POST /ucenter HTTP/1.1" 302 46 "http://localhost:3000/login" "Mozilla/5.0 (Macintosh; Intel Mac OS X 10_12_0) AppleWebKit/537.36 (KHTML, like Gecko) Chrome/57.0.2987.133 Safari/537.36"
::1 - - [25/Apr/2017:11:37:47 +0000] "GET / HTTP/1.1" 500 1867 "http://localhost:3000/login" "Mozilla/5.0 (Macintosh; Intel Mac OS X 10_12_0) AppleWebKit/537.36 (KHTML, like Gecko) Chrome/57.0.2987.133 Safari/537.36"
::1 - - [25/Apr/2017:11:37:47 +0000] "GET /stylesheets/style.css HTTP/1.1" 304 - "http://localhost:3000/" "Mozilla/5.0 (Macintosh; Intel Mac OS X 10_12_0) AppleWebKit/537.36 (KHTML, like Gecko) Chrome/57.0.2987.133 Safari/537.36"
::1 - - [25/Apr/2017:11:39:02 +0000] "GET / HTTP/1.1" 200 227 "http://localhost:3000/login" "Mozilla/5.0 (Macintosh; Intel Mac OS X 10_12_0) AppleWebKit/537.36 (KHTML, like Gecko) Chrome/57.0.2987.133 Safari/537.36"
::1 - - [25/Apr/2017:11:39:02 +0000] "GET /stylesheets/style.css HTTP/1.1" 304 - "http://localhost:3000/" "Mozilla/5.0 (Macintosh; Intel Mac OS X 10_12_0) AppleWebKit/537.36 (KHTML, like Gecko) Chrome/57.0.2987.133 Safari/537.36"
::1 - - [25/Apr/2017:11:39:04 +0000] "GET /login HTTP/1.1" 304 - "http://localhost:3000/" "Mozilla/5.0 (Macintosh; Intel Mac OS X 10_12_0) AppleWebKit/537.36 (KHTML, like Gecko) Chrome/57.0.2987.133 Safari/537.36"
::1 - - [25/Apr/2017:11:39:04 +0000] "GET /stylesheets/style.css HTTP/1.1" 304 - "http://localhost:3000/login" "Mozilla/5.0 (Macintosh; Intel Mac OS X 10_12_0) AppleWebKit/537.36 (KHTML, like Gecko) Chrome/57.0.2987.133 Safari/537.36"
::1 - - [25/Apr/2017:11:39:05 +0000] "POST /ucenter HTTP/1.1" 302 46 "http://localhost:3000/login" "Mozilla/5.0 (Macintosh; Intel Mac OS X 10_12_0) AppleWebKit/537.36 (KHTML, like Gecko) Chrome/57.0.2987.133 Safari/537.36"
::1 - - [25/Apr/2017:11:39:05 +0000] "GET / HTTP/1.1" 304 - "http://localhost:3000/login" "Mozilla/5.0 (Macintosh; Intel Mac OS X 10_12_0) AppleWebKit/537.36 (KHTML, like Gecko) Chrome/57.0.2987.133 Safari/537.36"
::1 - - [25/Apr/2017:11:39:05 +0000] "GET /stylesheets/style.css HTTP/1.1" 304 - "http://localhost:3000/" "Mozilla/5.0 (Macintosh; Intel Mac OS X 10_12_0) AppleWebKit/537.36 (KHTML, like Gecko) Chrome/57.0.2987.133 Safari/537.36"
::1 - - [26/Apr/2017:05:18:11 +0000] "GET / HTTP/1.1" 304 - "http://localhost:3000/login" "Mozilla/5.0 (Macintosh; Intel Mac OS X 10_12_0) AppleWebKit/537.36 (KHTML, like Gecko) Chrome/57.0.2987.133 Safari/537.36"
::1 - - [26/Apr/2017:05:18:11 +0000] "GET /stylesheets/style.css HTTP/1.1" 304 - "http://localhost:3000/" "Mozilla/5.0 (Macintosh; Intel Mac OS X 10_12_0) AppleWebKit/537.36 (KHTML, like Gecko) Chrome/57.0.2987.133 Safari/537.36"
::1 - - [26/Apr/2017:05:18:12 +0000] "GET /login HTTP/1.1" 304 - "http://localhost:3000/" "Mozilla/5.0 (Macintosh; Intel Mac OS X 10_12_0) AppleWebKit/537.36 (KHTML, like Gecko) Chrome/57.0.2987.133 Safari/537.36"
::1 - - [26/Apr/2017:05:18:12 +0000] "GET /stylesheets/style.css HTTP/1.1" 304 - "http://localhost:3000/login" "Mozilla/5.0 (Macintosh; Intel Mac OS X 10_12_0) AppleWebKit/537.36 (KHTML, like Gecko) Chrome/57.0.2987.133 Safari/537.36"
::1 - - [26/Apr/2017:05:18:13 +0000] "POST /ucenter HTTP/1.1" 302 46 "http://localhost:3000/login" "Mozilla/5.0 (Macintosh; Intel Mac OS X 10_12_0) AppleWebKit/537.36 (KHTML, like Gecko) Chrome/57.0.2987.133 Safari/537.36"
::1 - - [26/Apr/2017:05:18:13 +0000] "GET / HTTP/1.1" 304 - "http://localhost:3000/login" "Mozilla/5.0 (Macintosh; Intel Mac OS X 10_12_0) AppleWebKit/537.36 (KHTML, like Gecko) Chrome/57.0.2987.133 Safari/537.36"
::1 - - [26/Apr/2017:05:18:13 +0000] "GET /stylesheets/style.css HTTP/1.1" 304 - "http://localhost:3000/" "Mozilla/5.0 (Macintosh; Intel Mac OS X 10_12_0) AppleWebKit/537.36 (KHTML, like Gecko) Chrome/57.0.2987.133 Safari/537.36"
